[2025-11-29T01:28:27.941614] MASTER INVESTIGATION ORCHESTRATOR INITIALIZED
[2025-11-29T01:28:27.941707] Vault Path: /home/user/obsidian-vault
[2025-11-29T01:28:27.941723] Start Time: 2025-11-29T01:28:27.941604
====================================================================================================
MASTER INVESTIGATION ORCHESTRATOR - FULL AUTONOMOUS ANALYSIS
====================================================================================================
[2025-11-29T01:28:27.941984] 
Registering investigation tools...
[2025-11-29T01:28:27.942000] ✓ Registered tool: Core Investigation Engine
[2025-11-29T01:28:27.942029] ✓ Registered tool: Pattern Analysis Engine
[2025-11-29T01:28:27.942045] ✓ Registered tool: Timeline Analysis Engine
[2025-11-29T01:28:27.942066] ✓ Registered tool: Network Graph Analyzer
[2025-11-29T01:28:27.942088] 
✓ Registered 4 investigation tools
[2025-11-29T01:28:27.942110] 
====================================================================================================
[2025-11-29T01:28:27.942127] PHASE 1: EXECUTING CORE INVESTIGATION TOOLS
[2025-11-29T01:28:27.942141] ====================================================================================================
[2025-11-29T01:28:27.942157] 
Executing 4 investigation tools...

[2025-11-29T01:28:27.942177] 
[1/4] Executing: Core Investigation Engine
[2025-11-29T01:28:27.942194] Description: Analyzes all files, extracts entities, discovers relationships
[2025-11-29T01:28:27.943035] Starting execution...
[2025-11-29T01:28:30.238556]   ✓ Found 61 files for analysis
[2025-11-29T01:28:30.238653]   ✓ Content analysis complete
[2025-11-29T01:28:30.238679]   ✓ Keywords extracted from 20 categories
[2025-11-29T01:28:30.238757]   ✓ Identified 5534 entities across 5 categories
[2025-11-29T01:28:30.238786]   ✓ Discovered 6 relationships
[2025-11-29T01:28:30.238813]   ✓ Built cross-reference index with 7727 entries
[2025-11-29T01:28:30.238860]   ✓ Top connected entities:
[2025-11-29T01:28:30.238900]   ✓ Extracted 248 evidence items from evidence documents
[2025-11-29T01:28:30.238927]   ✓ Identified 3 investigation gaps
[2025-11-29T01:28:30.238959]   ✓ Report generated: /home/user/obsidian-vault/AUTONOMOUS_INVESTIGATION_REPORT.md
[2025-11-29T01:28:30.238983]   ✓ JSON data export: /home/user/obsidian-vault/investigation_data.json
[2025-11-29T01:28:30.239019] ✓ Core Investigation Engine completed successfully
[2025-11-29T01:28:30.239057] 
[2/4] Executing: Pattern Analysis Engine
[2025-11-29T01:28:30.239096] Description: Identifies suspicious patterns, anomalies, and entity clusters
[2025-11-29T01:28:30.239312] Starting execution...
[2025-11-29T01:28:30.660340]   ✓ Found 1316 suspicious pattern occurrences
[2025-11-29T01:28:30.660400]   ✓ Detected 46 anomalies
[2025-11-29T01:28:30.660415]   ✓ Identified 0 entity clusters
[2025-11-29T01:28:30.660429]   ✓ Identified temporal patterns across 1 years
[2025-11-29T01:28:30.660495]   ✓ Pattern report generated: /home/user/obsidian-vault/PATTERN_ANALYSIS_REPORT.md
[2025-11-29T01:28:30.660530] ✓ Pattern Analysis Engine completed successfully
[2025-11-29T01:28:30.660545] 
[3/4] Executing: Timeline Analysis Engine
[2025-11-29T01:28:30.660558] Description: Builds chronological timelines and identifies temporal patterns
[2025-11-29T01:28:30.660762] Starting execution...
[2025-11-29T01:28:31.006950]   ✓ Extracted 5323 dated events from files
[2025-11-29T01:28:31.007024]   ✓ Found 0 undated event references
[2025-11-29T01:28:31.007039]   ✓ Timeline spans 331 years with 5323 events
[2025-11-29T01:28:31.007115]   ✓ Identified 20 temporal clusters
[2025-11-29T01:28:31.007142]   ✓ Timeline report generated: /home/user/obsidian-vault/TIMELINE_ANALYSIS_REPORT.md
[2025-11-29T01:28:31.007162] ✓ Timeline Analysis Engine completed successfully
[2025-11-29T01:28:31.007183] 
[4/4] Executing: Network Graph Analyzer
[2025-11-29T01:28:31.007212] Description: Analyzes network topology, centrality, and connectivity
[2025-11-29T01:28:31.007390] Starting execution...
[2025-11-29T01:28:31.084567]   ✓ Built graph with 12 nodes and 6 edges
[2025-11-29T01:28:31.084636]   ✓ Calculated centrality for 12 nodes
[2025-11-29T01:28:31.084657]   ✓ Identified 0 hubs and 0 potential bridges
[2025-11-29T01:28:31.084737]   ✓ Network report generated: /home/user/obsidian-vault/NETWORK_ANALYSIS_REPORT.md
[2025-11-29T01:28:31.084762] ✓ Network Graph Analyzer completed successfully
[2025-11-29T01:28:31.084782] 
====================================================================================================
[2025-11-29T01:28:31.084797] PHASE 2: AGGREGATING AND CROSS-REFERENCING RESULTS
[2025-11-29T01:28:31.084811] ====================================================================================================
[2025-11-29T01:28:31.084824] 
Aggregating results from 4 tools...
[2025-11-29T01:28:31.085021] ✓ Found: AUTONOMOUS_INVESTIGATION_REPORT.md
[2025-11-29T01:28:31.085183] ✓ Found: PATTERN_ANALYSIS_REPORT.md
[2025-11-29T01:28:31.085342] ✓ Found: TIMELINE_ANALYSIS_REPORT.md
[2025-11-29T01:28:31.085484] ✓ Found: NETWORK_ANALYSIS_REPORT.md
[2025-11-29T01:28:31.085578] ✓ Found: investigation_data.json
[2025-11-29T01:28:31.085606] 
✓ Aggregated 5 analysis reports
[2025-11-29T01:28:31.085629] 
====================================================================================================
[2025-11-29T01:28:31.085645] PHASE 3: GENERATING MASTER INVESTIGATION REPORT
[2025-11-29T01:28:31.085663] ====================================================================================================
[2025-11-29T01:28:31.086034] ✓ Master report generated: /home/user/obsidian-vault/MASTER_INVESTIGATION_REPORT.md
[2025-11-29T01:28:31.086056] 
====================================================================================================
[2025-11-29T01:28:31.086071] PHASE 4: CREATING INVESTIGATION DASHBOARD
[2025-11-29T01:28:31.086094] ====================================================================================================
[2025-11-29T01:28:31.086326] ✓ Investigation dashboard created: /home/user/obsidian-vault/INVESTIGATION_DASHBOARD.md
[2025-11-29T01:28:31.086351] 
====================================================================================================
[2025-11-29T01:28:31.086370] ORCHESTRATION COMPLETE
[2025-11-29T01:28:31.086434] ====================================================================================================
[2025-11-29T01:28:31.086460] Total Execution Time: 3.14 seconds
[2025-11-29T01:28:31.086689] ✓ Orchestration log saved: /home/user/obsidian-vault/orchestration_execution.log

====================================================================================================
MASTER ORCHESTRATION COMPLETE
All investigation tools have been executed exhaustively
====================================================================================================
